A0A0M3UFF5 0.9174097588907799
A0A0M3UFF7 0.89681293195236
A0A0M3UFF9 0.847354867807302
A0A0M3UFG1 0.7878657390367473
A0A0M3UFG2 0.8703690525316014
A0A0M3UFG4 0.9066055053869755
A0A0M3UFG5 0.7455219573559387
A0A0M3UFG7 0.9230280533299628
A0A0M3UFG9 0.8701189344622203
A0A0M3UFH1 0.6784476075921758
A0A0M3UFH3 0.8972175152481623
A0A0M3UFH5 0.8505382588977286
A0A0M3UFH7 0.9258166161864347
A0A0M3UFH9 0.7242209161649127
A0A0M3UFI1 0.7263235123298585
A0A0M3UFI3 0.6813249964158123
A0A0M3UFI5 0.2519954013113843
A0A0M3UFI7 0.31602188075065624
A0A0M3UFI9 0.8744879653903986
A0A0M3UFJ1 0.8716488492575879
A0A0M3UFJ3 0.9371426555100408
A0A0M3UFJ5 0.8925254707261738
A0A0M3UFJ7 0.9263301205422094
A0A0M3UFJ8 0.9289846948664375
A0A0M3UFJ9 0.7600707030085994
A0A0M3UFK0 0.9418510088417335
A0A0M3UFK1 0.9022706287979407
A0A0M3UFK2 0.6136551743007426
A0A0M3UFK3 0.9269352548634536
A0A0M3UFK4 0.3024256326362972
A0A0M3UFK5 0.9294639567266623
A0A0M3UFK6 0.9064273906541528
A0A0M3UFK7 0.6904798674785765
A0A0M3UFK8 0.9333411456592005
A0A0M3UFK9 0.8837170777041619
A0A0M3UFL0 0.923980495643464
A0A0M3UFL1 0.5539113392913014
A0A0M3UFL2 0.8452410095107167
A0A0M3UFL3 0.8681146242478819
A0A0M3UFL5 0.8316371536336786
A0A0M3UFL6 0.8935736574036837
A0A0M3UFL7 0.6571076598938059
A0A0M3UFL8 0.8717286501532423
A0A0M3UFL9 0
A0A0M3UFM0 0.8644781744086634
A0A0M3UFM1 0.2894448084131488
A0A0M3UFM2 0.370742191077448
A0A0M3UFM3 0.6929109942033465
A0A0M3UFM4 0.9244785003006026
A0A0M3UFM5 0.9212803933292708
A0A0M3UFM6 0.36378967845417653
A0A0M3UFM7 0.8913348638863541
A0A0M3UFM8 0.33018857408658625
A0A0M3UFM9 0.8686802268036395
A0A0M3UFN0 0.8939480067264305
A0A0M3UFN1 0.8758850527594886
A0A0M3UFN2 0.9378673831342679
A0A0M3UFN3 0.9292920265460853
A0A0M3UFN4 0.8289912754136672
A0A0M3UFN5 0.5479276567305711
A0A0M3UFN6 0.9174058362350275
A0A0M3UFN7 0.9158434262503904
A0A0M3UFN8 0.5150232929623285
A0A0M3UFN9 0.6795870943776776
A0A0M3UFP0 0
A0A0M3UFP1 0.8263521150071194
A0A0M3UFP2 0.7947303759443151
A0A0M3UFP3 0.9232345699686955
A0A0M3UFP4 0.9344996266449492
A0A0M3UFP5 0.8933167807898788
A0A0M3UFP6 0.9011146203123732
A0A0M3UFP7 0.6586825143447999
A0A0M3UFP8 0.9254430039418239
A0A0M3UFP9 0.6412608211272848
A0A0M3UFQ0 0.6508510349148796
A0A0M3UFQ1 0.9377365228514858
A0A0M3UFQ2 0.8251748535135548
A0A0M3UFQ3 0.9038246004886308
A0A0M3UFQ4 0.8859607177075994
A0A0M3UFQ5 0.9350757460585191
A0A0M3UFQ6 0.8792334240810724
A0A0M3UFQ7 0.8140196739106202
A0A0M3UFQ8 0
A0A0M3UFQ9 0
A0A0M3UFR0 0
A0A0M3UFR1 0
A0A0M3UFR2 0
A0A0M3UFR3 0
A0A0M3UFR4 0
A0A0M3UFS5 0
A0A0M3UFS6 0
A0A0M3UFS7 0
A0A0M3UFS8 0
A0A0M3UFS9 0
A0A0M3UFT0 0
A0A0M3UFT1 0
A0A0M3UFT2 0
A0A0M3UFT3 0
A0A0M3UFT5 0
A0A0M3UFT6 0.901267120639047
A0A0M3UFT7 0.38083733595556035
A0A0M3UFT8 0.9398610716293598
A0A0M3UFT9 0.8810761357261992
A0A0M3UFU0 0.9076243029296995
A0A0M3UFU1 0.9369489567840245
A0A0M3UFU2 0.910563978720543
A0A0M3UFU3 0.9190144046944385
A0A0M3UFU4 0.9026871531832621
A0A0M3UFU5 0.7800753101385021
A0A0M3UFU6 0.5330693069237805
A0A0M3UFU7 0.5698709987247972
A0A0M3UFU8 0.9474166486687806
A0A0M3UFU9 0.1615928546778415
A0A0M3UFV0 0.9422157418146772
A0A0M3UFV1 0.6663096252780042
A0A0M3UFV2 0
A0A0M3UFV3 0.8377740094229378
A0A0M3UFV4 0.8837196888080987
A0A0M3UFV5 0.9077461866234283
A0A0M3UFV6 0.849002028658145
A0A0M3UFV7 0.8837974937399042
A0A0M3UFV8 0.915625120031692
A0A0M3UFV9 0.8966514833731901
A0A0M3UFW0 0.8540767315644864
A0A0M3UFW1 0.8643529364664857
A0A0M3UFW2 0.8726116744948081
A0A0M3UFW3 0.6318792917234746
A0A0M3UFW4 0.877002816809039
A0A0M3UFW5 0.9201198084299753
A0A0M3UFW6 0.8049886589560956
A0A0M3UFW7 0.6459537894005285
A0A0M3UFW8 0.715008756136132
A0A0M3UFW9 0.9357573991758321
A0A0M3UFX0 0.8589125947009277
A0A0M3UFX1 0.9430424303755096
A0A0M3UFX2 0.5822279277792084
A0A0M3UFX3 0.9125582123279441
A0A0M3UFX4 0.6830482236642665
A0A0M3UFX5 0.9091721966974399
A0A0M3UFX6 0.7486248571010554
A0A0M3UFX7 0.9137720608116764
A0A0M3UFX8 0.8825061129513985
A0A0M3UFX9 0.4249578655762362
A0A0M3UFY0 0.659496895186894
A0A0M3UFY1 0.6084670272874404
A0A0M3UFY2 0.9213214439122428
A0A0M3UFY3 0.6782821293439295
A0A0M3UFY4 0.9356345686718237
Q47U41 0.5602031732039677
Q47U42 0.8208184424862661
Q47U43 0.8131410006821267
Q47U44 0.7574817603641243
Q47U45 0.8521442313945472
Q47U46 0.7979084585522938
Q47U47 0.6723648066071067
Q47U48 0.7677355408322692
Q47U49 0.6331473766199031
Q47U50 0.8154784563179511
Q47U51 0.7391844971435886
Q47U52 0
Q47U53 0.5101049253572933
Q47U54 0.5916186365559191
Q47U55 0.7021280537248007
Q47U56 0.8470580809704485
Q47U61 0.8525983244955357
Q47U62 0.9268802723105338
Q47U63 0.9410235386905785
Q47U64 0.8971044689186858
Q47U65 0.8863587858523765
Q47U66 0.8765527784433761
Q47U67 0.9130941092252753
Q47U68 0.9042204743179532
Q47U69 0.8478889102970202
Q47U70 0.42381897524192574
Q47U71 0.3795005466765769
Q47U72 0.8717044602479334
Q47U73 0.8996130819346371
Q47U74 0.8995337692259839
Q47U75 0.8818745104143575
Q47U76 0.3435942074100536
Q47U77 0.8053986294336959
Q47U78 0.9372280290253283
Q47U79 0
Q47U80 0
Q47U81 0
Q47U82 0
Q47U83 0
Q47U84 0
Q47U85 0
Q47U86 0
Q47U87 0
Q47U88 0
Q47U89 0
Q47U90 0
Q47U91 0
Q47U92 0
Q47U93 0
Q47U94 0
Q47U95 0
Q47U96 0.8560120777147102
Q47U97 0.8840024448843375
Q47U98 0.9451774748702895
Q47U99 0
Q47UA0 0.9341158384850479
Q47UA1 0.8563869239306968
Q47UA2 0.35782038213307127
Q47UA3 0.35898354771812674
Q47UA4 0.7759391276068145
Q47UA5 0.3146727475273062
Q47UA6 0
Q47UA7 0.25718861473328336
Q47UA8 0.7122802874091452
Q47UA9 0.8574742526719265
Q47UB0 0.9081037626006092
Q47UB1 0
Q47UB2 0.7262777471248419
Q47UB3 0.8671276907320745
Q47UB4 0.9357840498353196
Q47UB5 0.6600064898924476
Q47UB6 0.8344626072088486
Q47UB7 0.7830381891515659
Q47UB8 0.8062046091499704
Q47UB9 0
Q47UC0 0.5298228597325043
Q47UC1 0.4879280800649029
Q47UC2 0.8670373214374103
Q47UC3 0.6314298114292607
Q47UC4 0.8969768161361434
Q47UC5 0
Q47UC6 0.38364096556589106
Q47UC7 0.9144543110547283
Q47UC8 0.9519087137818463
Q47UC9 0.9071084644835801
Q47UD0 0.7018160528796848
Q47UD1 0.6498104984796046
Q47UD2 0.9202282486091535
Q47UD3 0.7250032198361194
Q47UD4 0.8925465428623968
Q47UD5 0.81980096295842
Q47UD6 0
Q47UE1 0.716178935403628
Q47UE2 0.9165813293463112
Q47UE3 0.5972285411839803
Q47UE4 0.3586370495852925
Q47UE5 0.3674863031258408
Q47UE6 0.8052203421102382
Q47UE7 0.9417247946397043
Q47UE8 0.7484844643683787
Q47UE9 0.8719037067098356
Q47UF1 0.8563305722174872
Q47UF2 0.909452762109889
Q47UF3 0.8692310086291486
Q47UF4 0.7205941764461433
Q47UF5 0.8639075328625717
Q47UF6 0
Q47UF7 0.5545020975836767
Q47UF8 0.6626401396976869
Q47UG1 0.8467913723222831
Q47UG2 0.7934635772700822
Q47UG3 0.7661048950959457
Q47UG4 0.9319981871831668
Q47UG5 0.821311513668554
Q47UG6 0.896279603626441
Q47UG7 0.922493884355025
Q47UG8 0.8933535319618615
Q47UG9 0.7453974530952123
Q47UH0 0.9022191793139508
Q47UH1 0.9371381301677825
Q47UH2 0.8785520900721124
Q47UH3 0.9430895995373942
Q47UH4 0.8414112489378531
Q47UH5 0.8256480665026078
Q47UH6 0.9367755638666042
Q47UH7 0.9225084340756415
Q47UH8 0.9204608973547153
Q47UH9 0.8947825512322007
Q47UI0 0.8442972998785756
Q47UI1 0.8465581925253597
Q47UI2 0.7281712157937978
Q47UI3 0.8602122025970819
Q47UI4 0.35807142712737594
Q47UI5 0.34306941981714306
Q47UI6 0
Q47UI7 0
Q47UI8 0
Q47UI9 0
Q47UJ0 0
A2BIT1 0
A2BIT2 0
A2BIT3 0
A2BIT4 0
A2BIV1 0
A2BIV2 0
A2BIW1 0
A2BIW2 0
A2BIW3 0
A2BIW4 0
A2BIW5 0
A2BIW6 0
A2BIX1 0.7410531042601838
A2BIX2 0.9246221217270313
A2BIX3 0.7342317490008736
A2BIZ1 0.3285038750297121
A2BIZ2 0.7005383098701881
A2BIZ3 0.811416159801046
A2BIZ4 0.869443882504424
A2BIZ5 0.8875778230792306
A2BJ01 0.89209268916579
A2BJ11 0.9013619213603158
A2BJ21 0.9380485472171123
A2BJ22 0.9176809557787728
A2BJ23 0.7902855691006079
A2BJ24 0.9241712231191284
A2BJ31 0.626290749410102
A2BJ32 0.6981625145547343
A2BJ33 0.671422257399957
A2BJ34 0.5810803199009352
A2BJ35 0.8543391577993867
A2BJ41 0.7734582109567141
A2BJ42 0.9105015760224975
A2BJ43 0.8862688178325812
A2BJ44 0.8970476947954177
A2BJ51 0.8837665510957091
A2BJ52 0.6340843223297512
A2BJ53 0
A2BJ54 0.5668529059233409
A2BJ55 0.3907887406009213
A2BJ61 0.9229413261004614
A2BJ62 0.8947862778215865
A2BJ63 0.892815139184244
A2BJ64 0.9385275416915828
A2BJ71 0.9215691562168242
A2BJ72 0.6049122817804714
A2BJ81 0.7848972631848554
A2BJ82 0.8015324232887648
A2BJ83 0.9250406137617486
A2BJA1 0.9364560803223425
A2BJA2 0.8994470532470065
A2BJB1 0.2934968565796421
A2BJB2 0.8231529468359626
A2BJB3 0.921497829710135
A2BJB4 0.8284855377233
A2BJD1 0.8724253212653729
A2BJD2 0.8820633919224953
A2BJD3 0.8109925247286611
A2BJE1 0.9225952410086717
A2BJF1 0.7392243451589691
A2BJF2 0.7338417359092075
A2BJF3 0.9138954907107336
A2BJF4 0.8153709144992007
A2BJG1 0.8613742287296068
A2BJG2 0.5745597792762288
A2BJH1 0.9168313806709933
A2BJH2 0.92440067129911
A2BJH3 0.8362333720859787
A2BJI1 0.6034257683395756
A2BJI2 0.9226962251656756
A2BJI3 0.4243072147215951
A2BJJ1 0.4719001399810263
A2BJJ2 0.9282351699519009
A2BJK1 0.839503700268583
A2BJR1 0.6989853000566071
A2BJR2 0.9571116818187106
A2BJR3 0.9436691892392084
A2BJR4 0.39092675753954687
A2BJR5 0.7482657696712451
A2BJR6 0.8576640740436241
A2BJR7 0.8826172749703367
A2BJR8 0.6935165456451271
A2BJR9 0.7541999741085023
A2BJS0 0
A2BJS1 0.7952731899057872
A2BJS2 0.8587580811549069
A2BJS3 0.9150289219966987
A2BJS4 0.8804996332862369
A2BJS5 0.8414199043813007
A2BJS6 0.8757353332675512
A2BJS7 0.7908895692761408
A2BJS8 0.9088502963775982
A2BJS9 0.793653545096826
A2BJT0 0.6537824123310135
A2BJT1 0.9208452561440134
A2BJT2 0.823595010087053
A2BJT3 0
A2BJT4 0.8402078052463264
A2BJT5 0.8368402449512988
A2BJT6 0.8829935612501936
A2BJT7 0.9036923511775643
A2BJT8 0.8986846046157704
A2BJT9 0.32222485662552147
A2BJU0 0.8943419293637715
A2BJU1 0.8295159935265685
A2BJU2 0.9385225722716561
A2BJU3 0.7618188773732393
A2BJU4 0.9150315108838114
A2BJU5 0.6125391841301802
A2BJU6 0.8781268567948586
A2BJU7 0.9100324056028574
A2BJU8 0.6700616388495229
A2BJU9 0.7177351513747017
A2BJV0 0.8780676094913357
A2BJV1 0.8941819007328677
A2BJV2 0.9274307909085681
A2BJV3 0.9009751167930405
A2BJV4 0.9047913421810172
A2BJV5 0.9344879639679566
A2BJV6 0.483636348624215
A2BJV7 0.883853206104591
A2BJV8 0.7645308716399656
A2BJV9 0.9101523413303674
A2BJW0 0.9213216618027845
A2BJW1 0.9181355416516799
A2BJW2 0.8808298209351512
A2BJW3 0.8055667879210897
A2BJW4 0.9324436551862301
A2BJW5 0.9318335875503462
A2BJW6 0.8586066928150956
A2BJW7 0.5436663838431905
A2BJW8 0.9262669411431734
A2BJW9 0.8730593242503755
A2BJX0 0.9325040971019251
A2BJX1 0.9050251645302008
A2BJX2 0.6063324204965584
A2BJX3 0.9152229887146085
A2BJX4 0.8638940636020873
A2BJX5 0.7163684393805562
A2BJX6 0.8632255256230084
A2BJX7 0.8164711595917258
A2BJX8 0.581785207899832
A2BJX9 0.9338180892218693
A2BJY0 0.8503974859135747
A2BJY1 0.8509380788579934
A2BJY2 0.7501395114647368
A2BJY3 0.7840838266648393
A2BJY4 0.6957388693563297
A2BJY5 0.9347760043383162
A2BJY6 0.7939512470001007
A2BJY7 0.9079540882762076
A2BJY8 0.8576348633794361
A2BJY9 0.9330651472494058
A2BJZ0 0.5378294205326872
A2BJZ1 0.6864409440046619
A2BJZ2 0.896908651091733
A2BJZ3 0.7068158976788316
A2BJZ4 0.7946665761965374
A2BJZ5 0.8577230154618174
A2BJZ6 0.8830879013996852
A2BJZ7 0.7031181035453923
A2BJZ8 0.791567840229179
A2BJZ9 0.6164826704510353
A2BK00 0.9266313477614971
A0A1Z2R4A7 0.7860119952429571
A0A1Z2R4A9 0.757888687899618
A0A1Z2R4B1 0.4606164842987668
A0A1Z2R4B2 0.4960859087322291
A0A1Z2R4B3 0.6723388159708183
A0A1Z2R4B4 0.8637858092992671
A0A1Z2R4B5 0.7678488760909499
A0A1Z2R4B6 0.7846119160036716
A0A1Z2R4B7 0.7328205831525483
A0A1Z2R4C0 0.48830520389489984
A0A1Z2R4C1 0.9158878949856201
A0A1Z2R4C2 0.5986920867996695
A0A1Z2R4C3 0.5618562853576833
A0A1Z2R4C4 0
A0A1Z2R4C5 0.4748700432629932
A0A1Z2R4C6 0.9070279396894401
A0A1Z2R4C7 0
A0A1Z2R4D0 0.5742705259860285
A0A1Z2R4D1 0.7963832867082932
A0A1Z2R4D2 0.5974763657028219
A0A1Z2R4D3 0.8905797826613953
A0A1Z2R4D4 0.83679115768561
A0A1Z2R4D5 0.8081016678857743
A0A1Z2R4D6 0.7348547195653389
A0A1Z2R4D7 0.854048550234717
A0A1Z2R4D8 0.522615703736868
A0A1Z2R4E0 0.5696470113439228
A0A1Z2R4E1 0.682184315496125
A0A1Z2R4E2 0.7143652965128906
A0A1Z2R4E3 0.8195966571057194
A0A1Z2R4E4 0.56404991750474
A0A1Z2R4E5 0.8496606009348457
A0A1Z2R4E6 0.5590627239036008
A0A1Z2R4E7 0.6576543630058821
A0A1Z2R4E8 0.5312845324920081
A0A1Z2R4F0 0.7437030004444698
A0A1Z2R4F1 0.6813503135430095
A0A1Z2R4F2 0.9210234444964445
A0A1Z2R4F3 0.6478247415235124
A0A1Z2R4F4 0.8924696153957533
A0A1Z2R4F5 0.6445506065107318
A0A1Z2R4F6 0.8174323617678614
A0A1Z2R4F7 0.8690099819426963
A0A1Z2R4G0 0.6932234666316599
A0A1Z2R4G1 0.6914275955918057
A0A1Z2R4G2 0.8887655724516121
A0A1Z2R4G3 0.7268596409334582
A0A1Z2R4G4 0.6323769866564211
A0A1Z2R4G5 0.8276592407923137
A0A1Z2R4G6 0.7501064323478641
A0A1Z2R4G7 0
A0A1Z2R4G8 0
A0A1Z2R4G9 0.8177058106673165
A0A1Z2R4H1 0.6037003084652866
A0A1Z2R4H3 0
A0A1Z2R4I0 0.8316867540954009
A0A1Z2R4I1 0.8113047965524082
A0A1Z2R4I3 0.5481147709908769
A0A1Z2R4I4 0.5764349087174276
A0A1Z2R4I7 0.7611452175085505
A0A1Z2R4J0 0.7968532582758163
A0A1Z2R4J8 0.5974444536956798
A0A1Z2R4K6 0.7583776402620288
D5VQB1 0.8985573068036508
D5VQB2 0.7166911636845261
D5VQB3 0.9055068615657871
D5VQB4 0.9059416722219418
D5VQB5 0.7823933394713317
D5VQB6 0.91734546438287
D5VQB7 0.9324592438045989
D5VQB8 0.9209981251274311
D5VQB9 0.9037643205083805
D5VQC0 0.6986788190815043
D5VQC1 0.8320463307295625
D5VQC2 0.8041025406057827
D5VQC3 0.9214003716024457
D5VQC4 0.9456036219037391
D5VQC5 0.585514312065803
D5VQC6 0.9417267242146776
D5VQC7 0.9399816589890534
D5VQC8 0.9459344513156338
D5VQC9 0.615151487640313
D5VQD0 0.8644563028729519
D5VQE1 0.9204729597765071
D5VQE2 0.7256662799011664
D5VQE3 0.8897507037537618
D5VQE4 0.93086416173775
D5VQE5 0.8252354673358535
D5VQE6 0.9352521239778165
D5VQE7 0.930902026836653
D5VQE8 0.8223203101962004
D5VQE9 0.708757465877357
D5VQF0 0.20833915529489053
D5VQF1 0
D5VQF2 0.8793634596255321
D5VQF3 0.7826830153949033
D5VQF4 0.9315069942752638
D5VQF5 0.9004735421715376
D5VQF6 0.8959711180337935
D5VQF7 0.3213391687785001
D5VQF8 0.8242082962296482
D5VQF9 0.9483810730069232
D5VQG0 0.28224580302619673
D5VQG1 0
D5VQG2 0.9283219005321883
D5VQG3 0.9411479730812795
D5VQG4 0.919162117831352
D5VQG5 0.8821507500134504
D5VQG6 0.9245188182231218
D5VQG7 0.765995259982299
D5VQG8 0.9178680543606066
D5VQG9 0.8884517710087806
D5VQH0 0.9045727679365932
D5VQH1 0.5116664378247687
D5VQH2 0.8208266614087616
D5VQH3 0.8361343151329006
D5VQH4 0.9186538504234445
D5VQH5 0.7333002188754989
D5VQH6 0.8801049283789184
D5VQH7 0.9356846288067191
D5VQH8 0.9374381546604532
D5VQH9 0.8937336549621621
D5VQI0 0.8571420338135922
D5VQI1 0.8960614737381611
D5VQI2 0.8847949143776885
D5VQI3 0.9134208311431518
D5VQI4 0.7975780464950508
D5VQI5 0
D5VQI6 0.8254211511000132
D5VQI7 0.8679495305337109
D5VQI8 0.9299537162348397
D5VQI9 0.9049636630416473
D5VQJ0 0.911730272058201
D5VQJ1 0.8696623201356082
D5VQJ2 0.8822518496504983
D5VQJ3 0.5999660219900211
D5VQJ4 0.9354746757439947
D5VQJ5 0.9386156706733861
D5VQJ6 0.5113281450537602
D5VQJ7 0.8760732665318662
D5VQJ8 0.9126124167663645
D5VQJ9 0.8948597205766533
D5VQK0 0.8579645230441717
D5VQK1 0.9029762423729852
D5VQK2 0.8606809819415917
D5VQK3 0.9482292591651243
D5VQK4 0.9125518345398826
D5VQK5 0.9094548303349723
D5VQK6 0.9282490183284444
D5VQK7 0.9201159458021105
D5VQK8 0.9250589153054162
D5VQK9 0.9213641429993551
D5VQL0 0.921138899575076
D5VQL1 0.9272793619601652
D5VQL2 0.9355281633746236
D5VQL3 0.8076516714881601
D5VQL4 0.7892260112062424
D5VQL5 0.8681253696916222
D5VQL6 0.6981697382801159
D5VQL7 0.9340188049671897
D5VQL8 0.9169838552508194
D5VQL9 0.7965761695653949
D5VQM0 0.8610107587374415
D5VQM1 0.9142583915385994
D5VQM2 0.8346296433169154
D5VQM3 0.8795924904440753
D5VQM4 0.9332979811597428
D5VQM5 0.9318560124749735
D5VQM6 0.7275246328818811
D5VQM7 0.8539704311949332
D5VQM8 0.7888586870942504
D5VQM9 0.8743287763622413
D5VQN0 0.7528083317260021
D5VQN1 0.9076304821905072
D5VQN2 0.8844081556852887
D5VQN3 0.828626611870181
D5VQN4 0.9237234305915905
D5VQN5 0.8731714804738491
D5VQN6 0.925774196740238
D5VQN7 0.9016960245864225
D5VQN8 0.9162412023219313
D5VQN9 0.8758533454262428
D5VQP0 0.846829642744019
D5VQP1 0.9013127880699878
D5VQP2 0.8768251560923606
D5VQP3 0.802317221982736
D5VQP4 0.8799363002744491
D5VQP5 0.9257313318226812
D5VQP6 0.9424504818723435
D5VQP7 0.9123509597505395
D5VQP8 0.46109378672566353
D5VQP9 0.9112749188272136
D5VQQ0 0.8932284570860822
D5VQQ1 0.818272546480765
D5VQQ2 0.8820334769586238
D5VQQ3 0.8299734475954706
D5VQQ4 0.9246578574256363
D5VQQ5 0.9181281962531695
D5VQQ6 0.7317077792802318
D5VQQ7 0.8024857825957754
D5VQQ8 0.8099996611084828
D5VQQ9 0.7548784387894771
D5VQR0 0.8788175023221266
B2FDC6 0.2820931316260335
B2FDC7 0.7458698350082421
B2FDC8 0.18521660189673358
B2FDC9 0.7033124573492767
B2FDD0 0.6006615096922208
B2FDD1 0.8869257201709914
B2FDD2 0.7353659129812214
B2FDD3 0.8985948940792593
B2FDD4 0.8376241178544829
B2FDD5 0.6869178715289525
B2FDD6 0.7916685344539546
B2FDD7 0.33744660307885466
B2FDD8 0.5596066468107581
B2FDD9 0.4956844652001184
B2FDE0 0.2570947297713677
B2FDE1 0.5248719261455399
B2REC9 0.1110504673759644
B2RED0 0.33693682775388956
B2RED2 0.8159323693203401
B2RED3 0.3729462836367179
B2RED4 0.42687075965074317
B2RED5 0.5017446908675397
B2RED6 0.13163487338176563
B2RED8 0.35231940805501655
B2RED9 0.721880882340144
B2REE0 0.6309990141865878
B2REE1 0.46805863486872934
B2REE2 0.4809094422801427
B2REE3 0.5969463458718565
B2REE4 0.44826903539574864
B2REE5 0.2887552502261666
B2REE6 0.9055960285195603
B2REE7 0.22529516347834677
B3KLV9 0.5666975320357548
B3KLW0 0.83065733670749
B3KLW1 0.5721710797882702
B3KLW2 0.3016961151264802
B3KLW3 0.5798014635379072
B3KLW4 0.18708044256668088
B3KLW5 0.7826710503396872
B3KLW6 0.42634273598286454
B3KLW7 0.8075714786906274
B3KLW8 0.6242139327446368
B3KLW9 0.4188001692883823
B3KLX0 0.6601834131613448
B3KLX1 0.3800881465324594
B3KLX2 0.41768057959415766
B3KLX3 0.9058914932120999
B3KLX4 0.8170267851193094
B3KLX5 0.4007582187079679
B3KLX6 0.3886943282640532
B3KLX7 0.5559767459782232
B3KLX8 0.3382473844516892
B3KLX9 0.3501996394114856
B3KLY0 0.5565189908358883
B3KLY1 0.6605452342591753
B3KLY2 0.6738698187680522
B3KLY3 0.659264314926519
B3KLY4 0.8253540315405621
B3KLY5 0.47422919757801996
B3KLY6 0.8264882486436917
B3KLY7 0.9060146314563403
B3KLY8 0.17281823265218366
B3KLY9 0.2281721517506024
B3KLZ0 0.2956185001254842
B3KLZ1 0.3400042985930609
B3KLZ2 0.9214165413852778
B3KLZ3 0.46366661140861976
B3KLZ4 0.7545845089847365
B3KLZ5 0.6292761211388411
B3KLZ6 0.908052411217348
G3XCP5 0.8330585598017626
G3XCP6 0.7649079395603234
G3XCP7 0.486555873106704
G3XCP8 0.689941588299607
O08248 0.9055102318171598
O08249 0.9226104187162516
O08250 0.44957220396058195
O30498 0.9022495238576613
O30499 0.9078453534462654
O30569 0.7838277616428719
O30807 0
O30808 0
O30993 0.6524100682478013
O30994 0.8755201198198557
O31185 0.8810824775304208
O31186 0.9411767720899331
O31196 0.9395987199146147
O31197 0.9451508586002457
O33680 0.9299337653503601
O33682 0.46842750835506863
O33683 0.8710511453728602
O33684 0.2896421938268987
O33685 0.4547201453696855
O33915 0.9181469486929543
O52618 0.8420234921679091
O52619 0.898704157951502
O54067 0.9326550257596674
O54068 0.9250180864286106
O54239 0.48736405058740007
O54242 0.8257540647087311
O54243 0.6486290175701477
O54244 0.4774477340682516
O54245 0.38732542168989265
O54246 0.673038912365755
O54248 0.8196488594396691
O54249 0.8746415022932308
O68852 0.6364303346474431
O68853 0.7060490530198578
O68854 0.7724102977557001
O68965 0.9364211699895596
O69177 0
O69786 0.840401486475187
O69787 0.9575582050997005
O86028 0
O86029 0.7389824854853746
O86033 0.9146122746360318
O86034 0.9320526818073137
O87320 0.903643868454944
O87322 0.9194745470903254
O87386 0
O87387 0.8009758078958799
O87388 0.9445683882846179
O87389 0.8436407358757619
O87390 0.9180067369403204
O87391 0.9236150346944841
O87392 0.9333539504464676
O87393 0.946800383869417
O87394 0.8962713039818158
O87821 0.8814405162892329
O87908 0.44485546468243603
P00460 0.8802615923115533
P02344 0.7747371603184414
P02962 0.8809254898867451
P02963 0.919787318845412
P03028 0.6242828885883438
P03031 0.8464045390792475
P04341 0.8612014945271869
D7AMZ7 0.762221833294594
D7AMZ8 0.6416767177475537
D7AMZ9 0.6815373519714029
D7AN00 0.6796693859551625
D7AN01 0.45133683513262063
D7AN02 0.8308619492267522
D7AN03 0.8542250308420398
D7AN04 0.7551706722766265
D7AN05 0.7718041988676401
D7AN06 0.9006366657744403
D7AN07 0.9270601130629023
D7AN08 0.9170039042979972
D7AN09 0.8477995022828584
D7AN10 0.8520531597534131
D7AN11 0.8752000658976113
D7AN12 0.9031193181458093
D7AN13 0.8563721845430095
D7AN14 0
D7AN15 0.939345063495792
D7AN16 0.34236117248417314
D7AN17 0.31623920361392904
D7AN18 0.9199885159589233
D7AN19 0.79946154219189
D7AN20 0.47586179489237335
D7AN21 0
D7AN22 0.8907285314167872
D7AN23 0.9311650914930633
D7AN24 0.8668152988358029
D7AN25 0.7922478983650979
D7AN26 0.5768873160699057
D7AN27 0.8001053675852816
D7AN28 0.6973981029707019
D7AN29 0.7805587690975828
D7AN30 0.8642770647294201
D7AN31 0.8769408457842744
D7AN32 0.9084698648079489
D7AN33 0.9121374401138543
D7AN34 0.9439643440189598
D7AN35 0.6251885773223307
D7AN36 0.8683606658349696
D7AN37 0.7558711469164497
D7AN38 0.8954622128315586
D7AN39 0.9347293349062492
D7AN40 0.694277452538304
D7AN41 0.9103556711783795
D7AN42 0.5900273619832216
D7AN43 0.9100408311170323
D7AN44 0.6759892450936326
D7AN45 0.8380806604995954
D7AN46 0
D7AN47 0.5965103549238461
D7AN48 0.8969714375945459
D7AN49 0.513311535370632
D7AN50 0.918678595733295
D7AN51 0.9076274819263634
D7AN52 0.6139161024878785
D7AN57 0.8825050607444379
D7AN58 0.8469411648280571
D7AN59 0.4216977145130505
D7AN60 0.5947084762194169
D7AN61 0.5639828110821263
D7AN62 0.7334675905664063
D7AN63 0.8732771739648328
D7AN64 0.6918465584964675
D7AN65 0.752159767481482
D7AN67 0.8710165879324905
D7AN68 0.925132085166269
D7AN69 0.6675901123050483
D7AN70 0.8700953262759183
D7AN71 0.652587494920667
D7AN77 0.7419851430142326
D7AN78 0.9108844501376832
D7AN79 0.8958404247772822
D7AN80 0.908289170860567
D7AN81 0.8993654841642806
D7AN82 0.7908348588723368
D7AN83 0.9287886305863453
D7AN84 0.6999391109434845
D7AN85 0.6388412294014754
D7AN86 0.8940146449998234
D7AN97 0.6338378455385731
D7AN98 0
D7AN99 0.9136671007074836
D7ANA0 0.4277998779869663
D7ANA1 0.7510561423736617
D7ANA2 0.9357656607378331
D7ANA3 0.8362792293913677
D7ANA4 0.5804077625550135
D7ANA5 0.8340910450705188
D7ANA6 0.5677253353054893
D7ANA7 0.716596356049717
D7ANA8 0.853357046686102
D7ANA9 0.8418328255795681
D7ANB0 0.9170082846639118
D7ANB1 0.7174160739889911
D7ANB2 0.8849243571642003
D7ANB3 0.8045717013300108
D7ANB4 0.4336098967364329
D7ANB5 0.8355021971755096
D7ANB6 0.6411066963574088
D7ANB7 0.9137825545434101
D7ANB8 0.8805626742945573
D7ANB9 0.3947162883766407
D7ANC0 0.8010357489031811
D7ANC1 0.8081972131044775
D7ANC2 0
D7ANC3 0.9047278249745927
D7ANC4 0.9013062782709985
D7ANC5 0.5157383215363627
D7ANC6 0.8087243830526436
